<?xml version="1.0" encoding="UTF-8"?>
<!-- Generated by org.testng.reporters.JUnitReportReporter -->
<testsuite skipped="0" hostname="201902512-TORO" name="com.automatedtester.qa.TC004_Chapter1_ValidateButtonLoadPage" tests="1" failures="0" timestamp="05 sep 2020 21:09:57 GMT" time="20.162" errors="0">
  <testcase name="TC004" time="20.162" classname="com.automatedtester.qa.TC004_Chapter1_ValidateButtonLoadPage"/>
</testsuite> <!-- com.automatedtester.qa.TC004_Chapter1_ValidateButtonLoadPage -->
