<?xml version="1.0" encoding="UTF-8"?>
<!-- Generated by org.testng.reporters.JUnitReportReporter -->
<testsuite skipped="0" hostname="201902512-TORO" name="com.automatedtester.qa.TC004_Chapter1_ValidateButtonLoadPage" tests="1" failures="0" timestamp="09 sep 2020 00:50:46 GMT" time="19.549" errors="0">
  <testcase name="TC004" time="19.549" classname="com.automatedtester.qa.TC004_Chapter1_ValidateButtonLoadPage"/>
</testsuite> <!-- com.automatedtester.qa.TC004_Chapter1_ValidateButtonLoadPage -->
