<?xml version="1.0" encoding="UTF-8"?>
<!-- Generated by org.testng.reporters.JUnitReportReporter -->
<testsuite skipped="0" hostname="201902512-TORO" name="com.automatedtester.qa.TC002_Chapter1_ValidateText" tests="1" failures="0" timestamp="05 sep 2020 19:46:29 GMT" time="11.031" errors="0">
  <testcase name="TC002" time="11.031" classname="com.automatedtester.qa.TC002_Chapter1_ValidateText"/>
</testsuite> <!-- com.automatedtester.qa.TC002_Chapter1_ValidateText -->
