<?xml version="1.0" encoding="UTF-8"?>
<!-- Generated by org.testng.reporters.JUnitReportReporter -->
<testsuite skipped="0" hostname="201902512-TORO" name="com.automatedtester.qa.TC001_Chapter1_ValidateDropdown" tests="1" failures="0" timestamp="05 sep 2020 19:46:29 GMT" time="12.425" errors="0">
  <testcase name="TC001" time="12.425" classname="com.automatedtester.qa.TC001_Chapter1_ValidateDropdown"/>
</testsuite> <!-- com.automatedtester.qa.TC001_Chapter1_ValidateDropdown -->
