<?xml version="1.0" encoding="UTF-8"?>
<!-- Generated by org.testng.reporters.JUnitReportReporter -->
<testsuite skipped="0" hostname="201902512-TORO" name="com.automatedtester.qa.TC003_Chapter1_ValidateButtonLoadPage" tests="1" failures="0" timestamp="09 sep 2020 01:59:44 GMT" time="41.749" errors="0">
  <testcase name="TC003" time="41.749" classname="com.automatedtester.qa.TC003_Chapter1_ValidateButtonLoadPage"/>
</testsuite> <!-- com.automatedtester.qa.TC003_Chapter1_ValidateButtonLoadPage -->
