<?xml version="1.0" encoding="UTF-8"?>
<!-- Generated by org.testng.reporters.JUnitReportReporter -->
<testsuite skipped="0" hostname="201902512-TORO" name="com.automatedtester.qa.TC003_Chapter1_ValidateButtonLoadPage" tests="1" failures="0" timestamp="05 sep 2020 19:46:29 GMT" time="29.844" errors="0">
  <testcase name="TC003" time="29.844" classname="com.automatedtester.qa.TC003_Chapter1_ValidateButtonLoadPage"/>
</testsuite> <!-- com.automatedtester.qa.TC003_Chapter1_ValidateButtonLoadPage -->
